#
# There is insufficient memory for the Java Runtime Environment to continue.
# Native memory allocation (malloc) failed to allocate 1048576 bytes for AllocateHeap
# Possible reasons:
#   The system is out of physical RAM or swap space
#   In 32 bit mode, the process size limit was hit
# Possible solutions:
#   Reduce memory load on the system
#   Increase physical memory or swap space
#   Check if swap backing store is full
#   Use 64 bit Java on a 64 bit OS
#   Decrease Java heap size (-Xmx/-Xms)
#   Decrease number of Java threads
#   Decrease Java thread stack sizes (-Xss)
#   Set larger code cache with -XX:ReservedCodeCacheSize=
# This output file may be truncated or incomplete.
#
#  Out of Memory Error (memory/allocation.inline.hpp:61), pid=18884, tid=0x00000000000049dc
#
# JRE version:  (8.0_121-b13) (build )
# Java VM: Java HotSpot(TM) 64-Bit Server VM (25.121-b13 mixed mode windows-amd64 compressed oops)
# Failed to write core dump. Minidumps are not enabled by default on client versions of Windows
#

---------------  T H R E A D  ---------------

Current thread (0x0000000002d70800):  JavaThread "Unknown thread" [_thread_in_vm, id=18908, stack(0x0000000002c70000,0x0000000002d70000)]

Stack: [0x0000000002c70000,0x0000000002d70000]
[error occurred during error reporting (printing stack bounds), id 0xc0000005]

Native frames: (J=compiled Java code, j=interpreted, Vv=VM code, C=native code)


---------------  P R O C E S S  ---------------

Java Threads: ( => current thread )

Other Threads:

=>0x0000000002d70800 (exited) JavaThread "Unknown thread" [_thread_in_vm, id=18908, stack(0x0000000002c70000,0x0000000002d70000)]

VM state:not at safepoint (normal execution)

VM Mutex/Monitor currently owned by a thread: None

Heap:
 PSYoungGen      total 38400K, used 665K [0x00000000d5a00000, 0x00000000d8480000, 0x0000000100000000)
  eden space 33280K, 2% used [0x00000000d5a00000,0x00000000d5aa6670,0x00000000d7a80000)
  from space 5120K, 0% used [0x00000000d7f80000,0x00000000d7f80000,0x00000000d8480000)
  to   space 5120K, 0% used [0x00000000d7a80000,0x00000000d7a80000,0x00000000d7f80000)
 ParOldGen       total 87552K, used 0K [0x0000000080e00000, 0x0000000086380000, 0x00000000d5a00000)
  object space 87552K, 0% used [0x0000000080e00000,0x0000000080e00000,0x0000000086380000)
 Metaspace       used 746K, capacity 4480K, committed 4480K, reserved 1056768K
  class space    used 75K, capacity 384K, committed 384K, reserved 1048576K

Card table byte_map: [0x0000000012230000,0x0000000012630000] byte_map_base: 0x0000000011e29000

Marking Bits: (ParMarkBitMap*) 0x000000007677b6d0
 Begin Bits: [0x0000000012ce0000, 0x0000000014ca8000)
 End Bits:   [0x0000000014ca8000, 0x0000000016c70000)

Polling page: 0x0000000001270000

CodeCache: size=245760Kb used=328Kb max_used=328Kb free=245431Kb
 bounds [0x0000000002e70000, 0x00000000030e0000, 0x0000000011e70000]
 total_blobs=58 nmethods=0 adapters=38
 compilation: enabled

Compilation events (0 events):
No events

GC Heap History (0 events):
No events

Deoptimization events (0 events):
No events

Internal exceptions (0 events):
No events

Events (10 events):
Event: 0.235 loading class java/lang/Short
Event: 0.235 loading class java/lang/Short done
Event: 0.235 loading class java/lang/Integer
Event: 0.236 loading class java/lang/Integer done
Event: 0.236 loading class java/lang/Long
Event: 0.236 loading class java/lang/Long done
Event: 0.236 loading class java/lang/NullPointerException
Event: 0.236 loading class java/lang/NullPointerException done
Event: 0.236 loading class java/lang/ArithmeticException
Event: 0.236 loading class java/lang/ArithmeticException done


Dynamic libraries:
0x00007ff7c6d30000 - 0x00007ff7c6d67000 	C:\Program Files\Java\jre1.8.0_121\bin\javaw.exe
0x00007ffb80b90000 - 0x00007ffb80d61000 	C:\Windows\SYSTEM32\ntdll.dll
0x00007ffb7e440000 - 0x00007ffb7e4eb000 	C:\Windows\System32\KERNEL32.DLL
0x00007ffb75630000 - 0x00007ffb75663000 	C:\Program Files\Avast\x64\aswhooka.dll
0x00007ffb7d0d0000 - 0x00007ffb7d2ed000 	C:\Windows\System32\KERNELBASE.dll
0x00007ffb7e590000 - 0x00007ffb7e632000 	C:\Windows\System32\ADVAPI32.dll
0x00007ffb7e4f0000 - 0x00007ffb7e58e000 	C:\Windows\System32\msvcrt.dll
0x00007ffb7e6b0000 - 0x00007ffb7e709000 	C:\Windows\System32\sechost.dll
0x00007ffb7e270000 - 0x00007ffb7e391000 	C:\Windows\System32\RPCRT4.dll
0x00007ffb809e0000 - 0x00007ffb80b45000 	C:\Windows\System32\USER32.dll
0x00007ffb7deb0000 - 0x00007ffb7dece000 	C:\Windows\System32\win32u.dll
0x00007ffb7e400000 - 0x00007ffb7e434000 	C:\Windows\System32\GDI32.dll
0x00007ffb7d640000 - 0x00007ffb7d7c2000 	C:\Windows\System32\gdi32full.dll
0x00007ffb70070000 - 0x00007ffb702ea000 	C:\Windows\WinSxS\amd64_microsoft.windows.common-controls_6595b64144ccf1df_6.0.14393.953_none_42151e83c686086b\COMCTL32.dll
0x00007ffb7e940000 - 0x00007ffb7ec08000 	C:\Windows\System32\combase.dll
0x00007ffb7e020000 - 0x00007ffb7e115000 	C:\Windows\System32\ucrtbase.dll
0x00007ffb7d2f0000 - 0x00007ffb7d35a000 	C:\Windows\System32\bcryptPrimitives.dll
0x00007ffb80b60000 - 0x00007ffb80b8e000 	C:\Windows\System32\IMM32.DLL
0x0000000075df0000 - 0x0000000075ec2000 	C:\Program Files\Java\jre1.8.0_121\bin\msvcr100.dll
0x0000000075f60000 - 0x00000000767fb000 	C:\Program Files\Java\jre1.8.0_121\bin\server\jvm.dll
0x00007ffb7e260000 - 0x00007ffb7e268000 	C:\Windows\System32\PSAPI.DLL
0x00007ffb725b0000 - 0x00007ffb725b9000 	C:\Windows\SYSTEM32\WSOCK32.dll
0x00007ffb7e870000 - 0x00007ffb7e8da000 	C:\Windows\System32\WS2_32.dll
0x00007ffb7b3c0000 - 0x00007ffb7b3e3000 	C:\Windows\SYSTEM32\WINMM.dll
0x00007ffb792d0000 - 0x00007ffb792da000 	C:\Windows\SYSTEM32\VERSION.dll
0x00007ffb7b360000 - 0x00007ffb7b38b000 	C:\Windows\SYSTEM32\WINMMBASE.dll
0x00007ffb7d080000 - 0x00007ffb7d0c2000 	C:\Windows\System32\cfgmgr32.dll
0x0000000050040000 - 0x000000005004f000 	C:\Program Files\Java\jre1.8.0_121\bin\verify.dll
0x0000000050010000 - 0x0000000050039000 	C:\Program Files\Java\jre1.8.0_121\bin\java.dll
0x0000000075f40000 - 0x0000000075f56000 	C:\Program Files\Java\jre1.8.0_121\bin\zip.dll

VM Arguments:
jvm_args: -Dfile.encoding=Cp1252 
java_command: Java.control
java_class_path (initial): C:\Users\Lewandowski\Dropbox\DIT\Year 2\Semester 2\OOP (Java)\Assignment\bin
Launcher Type: SUN_STANDARD

Environment Variables:
PATH=C:/Program Files/Java/jre1.8.0_121/bin/server;C:/Program Files/Java/jre1.8.0_121/bin;C:/Program Files/Java/jre1.8.0_121/lib/amd64;C:\Program Files (x86)\NVIDIA Corporation\PhysX\Common;C:\Users\Lewandowski\Downloads\SQL\app\oracle\product\11.2.0\server\bin;;C:\ProgramData\Oracle\Java\javapath;C:\Windows\system32;C:\Windows;C:\Windows\System32\Wbem;C:\Windows\System32\WindowsPowerShell\v1.0\;C:\Users\Lewandowski\AppData\Local\Microsoft\WindowsApps;C:\Users\Lewandowski\AppData\Local\atom\bin;C:\Program Files\Eclipse;
USERNAME=Lewandowski
OS=Windows_NT
PROCESSOR_IDENTIFIER=Intel64 Family 6 Model 94 Stepping 3, GenuineIntel



---------------  S Y S T E M  ---------------

OS: Windows 10.0 , 64 bit Build 14393 (10.0.14393.0)

CPU:total 4 (4 cores per cpu, 1 threads per core) family 6 model 94 stepping 3, cmov, cx8, fxsr, mmx, sse, sse2, sse3, ssse3, sse4.1, sse4.2, popcnt, avx, avx2, aes, clmul, erms, 3dnowpref, lzcnt, tsc, tscinvbit, bmi1, bmi2, adx

Memory: 4k page, physical 8323756k(2580420k free), swap 33489580k(5932k free)

vm_info: Java HotSpot(TM) 64-Bit Server VM (25.121-b13) for windows-amd64 JRE (1.8.0_121-b13), built on Dec 12 2016 18:21:36 by "java_re" with MS VC++ 10.0 (VS2010)

time: Wed Mar 15 19:21:43 2017
elapsed time: 0 seconds (0d 0h 0m 0s)

